[2025-11-19 00:09:47] === INICIANDO SCRIPT DE NOTIFICACIONES ===
[2025-11-19 00:09:47] Conexión a BD establecida
[2025-11-19 00:09:47] Membresías - Enviados: , Errores: 
[2025-11-19 00:09:47] Clases - Enviados: 0, Errores: 0
[2025-11-19 00:09:47] Proceso completado exitosamente
[2025-11-19 00:09:47] === FIN DEL SCRIPT ===
[2025-11-19 00:13:19] === INICIANDO SCRIPT DE NOTIFICACIONES ===
[2025-11-19 00:13:19] Conexión a BD establecida
[2025-11-19 00:13:19] Ejecutando recordatorios de membresías...
[2025-11-19 00:13:19] Membresías - Enviados: 0, Errores: 0
[2025-11-19 00:13:19] Ejecutando recordatorios de clases...
[2025-11-19 00:13:19] Clases - Enviados: 0, Errores: 0
[2025-11-19 00:13:19] Proceso completado exitosamente
[2025-11-19 00:13:19] === FIN DEL SCRIPT ===
[2025-11-19 00:37:39] === INICIANDO SCRIPT DE NOTIFICACIONES ===
[2025-11-19 00:37:39] Conexión a BD establecida
[2025-11-19 00:37:39] Ejecutando recordatorios de membresías...
[2025-11-19 00:37:43] Membresías - Enviados: 1, Errores: 0
[2025-11-19 00:37:43] Ejecutando recordatorios de clases...
[2025-11-19 00:37:43] Clases - Enviados: 0, Errores: 0
[2025-11-19 00:37:43] Proceso completado exitosamente
[2025-11-19 00:37:43] === FIN DEL SCRIPT ===
[2025-11-19 00:41:18] === INICIANDO SCRIPT DE NOTIFICACIONES ===
[2025-11-19 00:41:18] Conexión a BD establecida
[2025-11-19 00:41:18] Ejecutando recordatorios de membresías...
[2025-11-19 00:41:20] Membresías - Enviados: 1, Errores: 0
[2025-11-19 00:41:20] Ejecutando recordatorios de clases...
[2025-11-19 00:41:20] Clases - Enviados: 0, Errores: 0
[2025-11-19 00:41:20] Proceso completado exitosamente
[2025-11-19 00:41:20] === FIN DEL SCRIPT ===
[2025-11-19 00:41:48] === INICIANDO SCRIPT DE NOTIFICACIONES ===
[2025-11-19 00:41:48] Conexión a BD establecida
[2025-11-19 00:41:48] Ejecutando recordatorios de membresías...
[2025-11-19 00:41:51] Membresías - Enviados: 1, Errores: 0
[2025-11-19 00:41:51] Ejecutando recordatorios de clases...
[2025-11-19 00:41:51] Clases - Enviados: 0, Errores: 0
[2025-11-19 00:41:51] Proceso completado exitosamente
[2025-11-19 00:41:51] === FIN DEL SCRIPT ===
[2025-11-19 00:47:53] === INICIANDO SCRIPT DE NOTIFICACIONES ===
[2025-11-19 00:47:53] Conexión a BD establecida
[2025-11-19 00:47:53] Ejecutando recordatorios de membresías...
[2025-11-19 00:47:56] Membresías - Enviados: 1, Errores: 0
[2025-11-19 00:47:56] Ejecutando recordatorios de clases...
[2025-11-19 00:47:56] Clases - Enviados: 0, Errores: 0
[2025-11-19 00:47:56] Proceso completado exitosamente
[2025-11-19 00:47:56] === FIN DEL SCRIPT ===
[2025-11-19 05:43:42] === INICIANDO SCRIPT DE NOTIFICACIONES ===
[2025-11-19 05:43:42] Conexión a BD establecida
[2025-11-19 05:43:42] Ejecutando recordatorios de membresías...
[2025-11-19 05:43:45] Membresías - Enviados: 1, Errores: 0
[2025-11-19 05:43:45] Ejecutando recordatorios de clases...
[2025-11-19 05:43:45] Clases - Enviados: 0, Errores: 0
[2025-11-19 05:43:45] Proceso completado exitosamente
[2025-11-19 05:43:45] === FIN DEL SCRIPT ===
[2025-11-19 06:01:30] === INICIANDO SCRIPT DE NOTIFICACIONES ===
[2025-11-19 06:01:30] Conexión a BD establecida
[2025-11-19 06:01:30] Ejecutando recordatorios de membresías...
[2025-11-19 06:01:33] Membresías - Enviados: 1, Errores: 0
[2025-11-19 06:01:33] Ejecutando recordatorios de clases...
[2025-11-19 06:01:33] Clases - Enviados: 0, Errores: 0
[2025-11-19 06:01:33] Proceso completado exitosamente
[2025-11-19 06:01:33] === FIN DEL SCRIPT ===
[2025-11-19 06:06:19] === INICIANDO SCRIPT DE NOTIFICACIONES ===
[2025-11-19 06:06:19] Conexión a BD establecida
[2025-11-19 06:06:19] Ejecutando recordatorios de membresías...
[2025-11-19 06:06:22] Membresías - Enviados: 1, Errores: 0
[2025-11-19 06:06:22] Ejecutando recordatorios de clases...
[2025-11-19 06:06:29] Clases - Enviados: 3, Errores: 0
[2025-11-19 06:06:29] Proceso completado exitosamente
[2025-11-19 06:06:29] === FIN DEL SCRIPT ===
[2025-11-18 23:11:15] === INICIANDO SCRIPT DE NOTIFICACIONES ===
[2025-11-18 23:11:15] Conexión a BD establecida
[2025-11-18 23:11:15] Ejecutando recordatorios de membresías...
[2025-11-18 23:11:18] Membresías - Enviados: 1, Errores: 0
[2025-11-18 23:11:18] Ejecutando recordatorios de clases...
[2025-11-18 23:11:20] Clases - Enviados: 1, Errores: 0
[2025-11-18 23:11:20] Proceso completado exitosamente
[2025-11-18 23:11:20] === FIN DEL SCRIPT ===
[2025-11-18 23:12:35] === INICIANDO SCRIPT DE NOTIFICACIONES ===
[2025-11-18 23:12:35] Conexión a BD establecida
[2025-11-18 23:12:35] Ejecutando recordatorios de membresías...
[2025-11-18 23:12:38] Membresías - Enviados: 1, Errores: 0
[2025-11-18 23:12:38] Ejecutando recordatorios de clases...
[2025-11-18 23:12:40] Clases - Enviados: 1, Errores: 0
[2025-11-18 23:12:40] Proceso completado exitosamente
[2025-11-18 23:12:40] === FIN DEL SCRIPT ===
[2025-11-18 23:25:28] === INICIANDO SCRIPT DE NOTIFICACIONES ===
[2025-11-18 23:25:28] Conexión a BD establecida
[2025-11-18 23:25:28] Ejecutando recordatorios de membresías...
[2025-11-18 23:25:31] Membresías - Enviados: 1, Errores: 0
[2025-11-18 23:25:31] Ejecutando recordatorios de clases...
[2025-11-18 23:25:33] Clases - Enviados: 1, Errores: 0
[2025-11-18 23:25:33] Proceso completado exitosamente
[2025-11-18 23:25:33] === FIN DEL SCRIPT ===
[2025-11-18 23:53:35] === INICIANDO SCRIPT DE NOTIFICACIONES ===
[2025-11-18 23:53:35] Conexión a BD establecida
[2025-11-18 23:53:35] Ejecutando recordatorios de membresías...
[2025-11-18 23:53:37] Membresías - Enviados: 1, Errores: 0
[2025-11-18 23:53:37] Ejecutando recordatorios de clases...
[2025-11-18 23:53:40] Clases - Enviados: 1, Errores: 0
[2025-11-18 23:53:40] Proceso completado exitosamente
[2025-11-18 23:53:40] === FIN DEL SCRIPT ===
[2025-11-18 23:56:23] === INICIANDO SCRIPT DE NOTIFICACIONES ===
[2025-11-18 23:56:23] Conexión a BD establecida
[2025-11-18 23:56:23] Ejecutando recordatorios de membresías...
[2025-11-18 23:56:25] Membresías - Enviados: 1, Errores: 0
[2025-11-18 23:56:25] Ejecutando recordatorios de clases...
[2025-11-18 23:56:28] Clases - Enviados: 1, Errores: 0
[2025-11-18 23:56:28] Proceso completado exitosamente
[2025-11-18 23:56:28] === FIN DEL SCRIPT ===
[2025-11-19 10:00:03] === INICIANDO SCRIPT DE NOTIFICACIONES ===
[2025-11-19 10:00:03] Conexión a BD establecida
[2025-11-19 10:00:03] Ejecutando recordatorios de membresías...
[2025-11-19 10:00:06] Membresías - Enviados: 1, Errores: 0
[2025-11-19 10:00:06] Ejecutando recordatorios de clases...
[2025-11-19 10:00:13] Clases - Enviados: 3, Errores: 0
[2025-11-19 10:00:13] Proceso completado exitosamente
[2025-11-19 10:00:13] === FIN DEL SCRIPT ===
[2025-11-19 14:12:01] === INICIANDO SCRIPT DE NOTIFICACIONES ===
[2025-11-19 14:12:01] Conexión a BD establecida
[2025-11-19 14:12:01] Ejecutando recordatorios de membresías...
[2025-11-19 14:12:07] Membresías - Enviados: 2, Errores: 0
[2025-11-19 14:12:07] Ejecutando recordatorios de clases...
[2025-11-19 14:12:19] Clases - Enviados: 4, Errores: 0
[2025-11-19 14:12:19] Proceso completado exitosamente
[2025-11-19 14:12:19] === FIN DEL SCRIPT ===
[2025-11-19 14:18:28] === INICIANDO SCRIPT DE NOTIFICACIONES ===
[2025-11-19 14:18:28] Conexión a BD establecida
[2025-11-19 14:18:28] Ejecutando recordatorios de membresías...
[2025-11-19 14:18:38] Membresías - Enviados: 3, Errores: 0
[2025-11-19 14:18:38] Ejecutando recordatorios de clases...
[2025-11-19 14:18:44] Clases - Enviados: 2, Errores: 0
[2025-11-19 14:18:44] Proceso completado exitosamente
[2025-11-19 14:18:44] === FIN DEL SCRIPT ===
[2025-11-21 15:22:08] === INICIANDO SCRIPT DE NOTIFICACIONES ===
[2025-11-21 15:22:08] Conexión a BD establecida
[2025-11-21 15:22:08] Ejecutando recordatorios de membresías...
[2025-11-21 15:22:50] Membresías - Enviados: 0, Errores: 2
[2025-11-21 15:22:50] Ejecutando recordatorios de clases...
[2025-11-21 15:23:04] === INICIANDO SCRIPT DE NOTIFICACIONES ===
[2025-11-21 15:23:04] Conexión a BD establecida
[2025-11-21 15:23:04] Ejecutando recordatorios de membresías...
[2025-11-21 15:23:29] Clases - Enviados: 1, Errores: 1
[2025-11-21 15:23:29] Proceso completado exitosamente
[2025-11-21 15:23:29] === FIN DEL SCRIPT ===
[2025-11-22 10:00:03] === INICIANDO SCRIPT DE NOTIFICACIONES ===
[2025-11-22 10:00:03] Conexión a BD establecida
[2025-11-22 10:00:03] Ejecutando recordatorios de membresías...
[2025-11-22 10:00:06] Membresías - Enviados: 1, Errores: 0
[2025-11-22 10:00:06] Ejecutando recordatorios de clases...
[2025-11-22 10:00:06] Clases - Enviados: 0, Errores: 0
[2025-11-22 10:00:06] Proceso completado exitosamente
[2025-11-22 10:00:06] === FIN DEL SCRIPT ===
[2025-11-22 20:11:50] === INICIANDO SCRIPT DE NOTIFICACIONES ===
[2025-11-22 20:11:50] Conexión a BD establecida
[2025-11-22 20:11:50] Ejecutando recordatorios de membresías...
[2025-11-22 20:11:57] Membresías - Enviados: 2, Errores: 0
[2025-11-22 20:11:57] Ejecutando recordatorios de clases...
[2025-11-22 20:12:03] Clases - Enviados: 1, Errores: 0
[2025-11-22 20:12:03] Proceso completado exitosamente
[2025-11-22 20:12:03] === FIN DEL SCRIPT ===
[2025-11-22 21:06:51] === INICIANDO SCRIPT DE NOTIFICACIONES ===
[2025-11-22 21:06:51] Conexión a BD establecida
[2025-11-22 21:06:51] Ejecutando recordatorios de membresías...
[2025-11-22 21:06:59] Membresías - Enviados: 1, Errores: 0
[2025-11-22 21:06:59] Ejecutando recordatorios de clases...
[2025-11-22 21:07:08] Clases - Enviados: 2, Errores: 0
[2025-11-22 21:07:08] Proceso completado exitosamente
[2025-11-22 21:07:08] === FIN DEL SCRIPT ===
