========================================= 
EJECUCION INICIADA: 18/11/2025 23:53:35.07 
Usuario: zerav 
Directorio: C:\xampp\htdocs\Proyecto Final 
EJECUCION FINALIZADA: 18/11/2025 23:53:40.34 
========================================= 
========================================= 
EJECUCION INICIADA: 18/11/2025 23:56:23.21 
Usuario: zerav 
Directorio: C:\Windows\System32 
EJECUCION FINALIZADA: 18/11/2025 23:56:28.34 
========================================= 
========================================= 
EJECUCION INICIADA: 19/11/2025 10:00:03.03 
Usuario: zerav 
Directorio: C:\Windows\System32 
EJECUCION FINALIZADA: 19/11/2025 10:00:13.21 
========================================= 
========================================= 
EJECUCION INICIADA: 19/11/2025 14:12:01.23 
Usuario: zerav 
Directorio: C:\Windows\System32 
EJECUCION FINALIZADA: 19/11/2025 14:12:19.27 
========================================= 
EJECUCION INICIADA: 19/11/2025 14:18:28.63 
Usuario: zerav 
Directorio: C:\Windows\System32 
EJECUCION FINALIZADA: 19/11/2025 14:18:44.80 
========================================= 
========================================= 
EJECUCION INICIADA: 21/11/2025 15:22:07.69 
Usuario: zerav 
Directorio: C:\Windows\System32 
========================================= 
EJECUCION INICIADA: 21/11/2025 15:23:04.31 
Usuario: zerav 
Directorio: C:\Windows\System32 
EJECUCION FINALIZADA: 21/11/2025 15:23:29.83 
========================================= 
========================================= 
EJECUCION INICIADA: 22/11/2025 10:00:02.85 
Usuario: zerav 
Directorio: C:\Windows\System32 
EJECUCION FINALIZADA: 22/11/2025 10:00:06.43 
========================================= 
========================================= 
EJECUCION INICIADA: 22/11/2025 20:11:49.57 
Usuario: zerav 
Directorio: C:\Windows\System32 
EJECUCION FINALIZADA: 22/11/2025 20:12:03.29 
========================================= 
========================================= 
EJECUCION INICIADA: 22/11/2025 21:06:51.42 
Usuario: zerav 
Directorio: C:\Windows\System32 
EJECUCION FINALIZADA: 22/11/2025 21:07:09.00 
========================================= 
